[1;34mgraphnet[0m [MainProcess] [32mINFO    [0m 2024-12-18 15:18:41 - Logger.__init__ - Writing log to [1mlogs/graphnet_20241218-151841.log[0m
[1;34mgraphnet[0m [MainProcess] [32mINFO    [0m 2024-12-18 15:18:41 - <module> - features: ['sensor_pos_x', 'sensor_pos_y', 'sensor_pos_z', 't'][0m
[1;34mgraphnet[0m [MainProcess] [32mINFO    [0m 2024-12-18 15:18:41 - <module> - truth: ['injection_energy', 'injection_type', 'injection_interaction_type', 'injection_zenith', 'injection_azimuth', 'injection_bjorkenx', 'injection_bjorkeny', 'injection_position_x', 'injection_position_y', 'injection_position_z', 'injection_column_depth', 'primary_lepton_1_type', 'primary_hadron_1_type', 'primary_lepton_1_position_x', 'primary_lepton_1_position_y', 'primary_lepton_1_position_z', 'primary_hadron_1_position_x', 'primary_hadron_1_position_y', 'primary_hadron_1_position_z', 'primary_lepton_1_direction_theta', 'primary_lepton_1_direction_phi', 'primary_hadron_1_direction_theta', 'primary_hadron_1_direction_phi', 'primary_lepton_1_energy', 'primary_hadron_1_energy', 'total_energy'][0m
[1;34mgraphnet[0m [MainProcess] [32mINFO    [0m 2024-12-18 15:18:41 - main - No `val_dataloader_kwargs` given. This arg has been set to `train_dataloader_kwargs` with `shuffle` = False.[0m
[1;34mgraphnet[0m [MainProcess] [33mWARNING [0m 2024-12-18 15:18:41 - __init__ - GraphNeTDataModule did not receive an argument for `test_selection` and will therefore not have a prediction dataloader available.[0m
[1;34mgraphnet[0m [MainProcess] [32mINFO    [0m 2024-12-18 15:18:41 - __init__ - GraphNeTDataModule did not receive an for `selection`. Selection will will automatically be created with a split of train: 0.9 and validation: 0.1[0m
[1;34mgraphnet[0m [MainProcess] [33mWARNING [0m 2024-12-18 15:18:42 - __init__ - Setting one of `transform_target` and `transform_inference`, but not the other.[0m
[1;34mgraphnet[0m [MainProcess] [32mINFO    [0m 2024-12-18 15:18:42 - StandardModel.main - EarlyStopping has been added with a patience of 5.[0m
[1;34mgraphnet[0m [MainProcess] [32mINFO    [0m 2024-12-18 15:18:42 - StandardModel.main - Training initiated with callbacks: ProgressBar, EarlyStopping, ModelCheckpoint[0m
GPU available: False, used: False
TPU available: False, using: 0 TPU cores
HPU available: False, using: 0 HPUs
----------------------------------------------------------------------------------------------------
distributed_backend=gloo
All distributed processes registered. Starting with 1 processes
----------------------------------------------------------------------------------------------------


  | Name              | Type       | Params | Mode 
---------------------------------------------------------
0 | _tasks            | ModuleList | 129    | train
1 | _graph_definition | KNNGraph   | 0      | train
2 | backbone          | DynEdge    | 1.4 M  | train
---------------------------------------------------------
1.4 M     Trainable params
0         Non-trainable params
1.4 M     Total params
5.515     Total estimated model params size (MB)
36        Modules in train mode
0         Modules in eval mode
[1;34mgraphnet[0m [MainProcess] [32mINFO    [0m 2024-12-18 15:18:53 - on_advance_end - Epoch  0: 100%|[32m███████████████████████████████████████████████████████████████[0m| 3/3 [00:01<00:00,  1.50 batch(es)/s, lr=0.00067, val_loss=0.0105, train_loss=0.0368][0m
`Trainer.fit` stopped: `max_epochs=1` reached.
[1;34mgraphnet[0m [MainProcess] [32mINFO    [0m 2024-12-18 15:18:53 - StandardModel.<module> - Best-fit weights from EarlyStopping loaded.[0m
[1;34mgraphnet[0m [MainProcess] [32mINFO    [0m 2024-12-18 15:18:53 - StandardModel.<module> - Column names for predictions are: 
 ['energy_pred'][0m
GPU available: False, used: False
TPU available: False, using: 0 TPU cores
HPU available: False, using: 0 HPUs
[1;34mgraphnet[0m [MainProcess] [32mINFO    [0m 2024-12-18 15:19:00 - <module> - Writing results to /n/holylfs05/LABS/arguelles_delgado_lab/Everyone/jbook/graphnet/data/examples/output/train_model_without_configs/prometheus-events/dynedge_total_energy_example[0m
[1;34mgraphnet[0m [MainProcess] [32mINFO    [0m 2024-12-18 15:19:00 - StandardModel.<module> - Model saved to /n/holylfs05/LABS/arguelles_delgado_lab/Everyone/jbook/graphnet/data/examples/output/train_model_without_configs/prometheus-events/dynedge_total_energy_example/model.pth[0m
[1;34mgraphnet[0m [MainProcess] [32mINFO    [0m 2024-12-18 15:19:01 - StandardModel.<module> - Model state_dict saved to /n/holylfs05/LABS/arguelles_delgado_lab/Everyone/jbook/graphnet/data/examples/output/train_model_without_configs/prometheus-events/dynedge_total_energy_example/state_dict.pth[0m
