[1;34mgraphnet[0m [MainProcess] [32mINFO    [0m 2025-01-06 09:37:45 - Logger.__init__ - Writing log to [1mlogs/graphnet_20250106-093745.log[0m
[1;34mgraphnet[0m [MainProcess] [32mINFO    [0m 2025-01-06 09:37:45 - <module> - features: ['dom_x', 'dom_y', 'dom_z', 'dom_time', 'charge', 'rde', 'pmt_area'][0m
[1;34mgraphnet[0m [MainProcess] [32mINFO    [0m 2025-01-06 09:37:45 - <module> - truth: ['energy', 'energy_track', 'energy_cascade', 'position_x', 'position_y', 'position_z', 'azimuth', 'zenith', 'pid', 'elasticity', 'interaction_type', 'interaction_time', 'inelasticity', 'stopped_muon'][0m
[1;34mgraphnet[0m [MainProcess] [32mINFO    [0m 2025-01-06 09:37:45 - main - No `val_dataloader_kwargs` given. This arg has been set to `train_dataloader_kwargs` with `shuffle` = False.[0m
[1;34mgraphnet[0m [MainProcess] [33mWARNING [0m 2025-01-06 09:37:45 - __init__ - GraphNeTDataModule did not receive an argument for `test_selection` and will therefore not have a prediction dataloader available.[0m
[1;34mgraphnet[0m [MainProcess] [32mINFO    [0m 2025-01-06 09:37:45 - __init__ - GraphNeTDataModule did not receive an for `selection`. Selection will will automatically be created with a split of train: 0.9 and validation: 0.1[0m
[1;34mgraphnet[0m [MainProcess] [33mWARNING [0m 2025-01-06 09:37:45 - SQLiteDataset.__init__ - Removing the following (missing) truth variables: interaction_time[0m
[1;34mgraphnet[0m [MainProcess] [33mWARNING [0m 2025-01-06 09:37:46 - SQLiteDataset.__init__ - Removing the following (missing) truth variables: interaction_time[0m
[1;34mgraphnet[0m [MainProcess] [33mWARNING [0m 2025-01-06 09:37:46 - SQLiteDataset.__init__ - Removing the following (missing) truth variables: interaction_time[0m
[1;34mgraphnet[0m [MainProcess] [33mWARNING [0m 2025-01-06 09:37:47 - SQLiteDataset.__init__ - Removing the following (missing) truth variables: interaction_time[0m
[1;34mgraphnet[0m [MainProcess] [33mWARNING [0m 2025-01-06 09:37:47 - SQLiteDataset.__init__ - Removing the following (missing) truth variables: interaction_time[0m
[1;34mgraphnet[0m [MainProcess] [33mWARNING [0m 2025-01-06 09:37:48 - SQLiteDataset.__init__ - Removing the following (missing) truth variables: interaction_time[0m
[1;34mgraphnet[0m [MainProcess] [33mWARNING [0m 2025-01-06 09:37:48 - SQLiteDataset.__init__ - Removing the following (missing) truth variables: interaction_time[0m
[1;34mgraphnet[0m [MainProcess] [33mWARNING [0m 2025-01-06 09:37:49 - SQLiteDataset.__init__ - Removing the following (missing) truth variables: interaction_time[0m
[1;34mgraphnet[0m [MainProcess] [33mWARNING [0m 2025-01-06 09:37:49 - SQLiteDataset.__init__ - Removing the following (missing) truth variables: interaction_time[0m
[1;34mgraphnet[0m [MainProcess] [33mWARNING [0m 2025-01-06 09:37:50 - SQLiteDataset.__init__ - Removing the following (missing) truth variables: interaction_time[0m
[1;34mgraphnet[0m [MainProcess] [33mWARNING [0m 2025-01-06 09:37:50 - SQLiteDataset.__init__ - Removing the following (missing) truth variables: interaction_time[0m
[1;34mgraphnet[0m [MainProcess] [33mWARNING [0m 2025-01-06 09:37:50 - SQLiteDataset.__init__ - Removing the following (missing) truth variables: interaction_time[0m
[1;34mgraphnet[0m [MainProcess] [33mWARNING [0m 2025-01-06 09:37:51 - SQLiteDataset.__init__ - Removing the following (missing) truth variables: interaction_time[0m
[1;34mgraphnet[0m [MainProcess] [33mWARNING [0m 2025-01-06 09:37:51 - SQLiteDataset.__init__ - Removing the following (missing) truth variables: interaction_time[0m
[1;34mgraphnet[0m [MainProcess] [33mWARNING [0m 2025-01-06 09:37:51 - SQLiteDataset.__init__ - Removing the following (missing) truth variables: interaction_time[0m
[1;34mgraphnet[0m [MainProcess] [33mWARNING [0m 2025-01-06 09:37:52 - SQLiteDataset.__init__ - Removing the following (missing) truth variables: interaction_time[0m
[1;34mgraphnet[0m [MainProcess] [33mWARNING [0m 2025-01-06 09:37:52 - SQLiteDataset.__init__ - Removing the following (missing) truth variables: interaction_time[0m
[1;34mgraphnet[0m [MainProcess] [33mWARNING [0m 2025-01-06 09:37:52 - SQLiteDataset.__init__ - Removing the following (missing) truth variables: interaction_time[0m
[1;34mgraphnet[0m [MainProcess] [33mWARNING [0m 2025-01-06 09:37:53 - SQLiteDataset.__init__ - Removing the following (missing) truth variables: interaction_time[0m
[1;34mgraphnet[0m [MainProcess] [33mWARNING [0m 2025-01-06 09:37:53 - SQLiteDataset.__init__ - Removing the following (missing) truth variables: interaction_time[0m
[1;34mgraphnet[0m [MainProcess] [33mWARNING [0m 2025-01-06 09:37:53 - SQLiteDataset.__init__ - Removing the following (missing) truth variables: interaction_time[0m
[1;34mgraphnet[0m [MainProcess] [33mWARNING [0m 2025-01-06 09:37:54 - SQLiteDataset.__init__ - Removing the following (missing) truth variables: interaction_time[0m
[1;34mgraphnet[0m [MainProcess] [33mWARNING [0m 2025-01-06 09:37:54 - SQLiteDataset.__init__ - Removing the following (missing) truth variables: interaction_time[0m
[1;34mgraphnet[0m [MainProcess] [33mWARNING [0m 2025-01-06 09:37:54 - SQLiteDataset.__init__ - Removing the following (missing) truth variables: interaction_time[0m
[1;34mgraphnet[0m [MainProcess] [33mWARNING [0m 2025-01-06 09:37:54 - SQLiteDataset.__init__ - Removing the following (missing) truth variables: interaction_time[0m
[1;34mgraphnet[0m [MainProcess] [33mWARNING [0m 2025-01-06 09:37:55 - SQLiteDataset.__init__ - Removing the following (missing) truth variables: interaction_time[0m
[1;34mgraphnet[0m [MainProcess] [33mWARNING [0m 2025-01-06 09:37:55 - SQLiteDataset.__init__ - Removing the following (missing) truth variables: interaction_time[0m
[1;34mgraphnet[0m [MainProcess] [33mWARNING [0m 2025-01-06 09:37:55 - SQLiteDataset.__init__ - Removing the following (missing) truth variables: interaction_time[0m
[1;34mgraphnet[0m [MainProcess] [33mWARNING [0m 2025-01-06 09:37:56 - SQLiteDataset.__init__ - Removing the following (missing) truth variables: interaction_time[0m
[1;34mgraphnet[0m [MainProcess] [33mWARNING [0m 2025-01-06 09:37:56 - SQLiteDataset.__init__ - Removing the following (missing) truth variables: interaction_time[0m
[1;34mgraphnet[0m [MainProcess] [33mWARNING [0m 2025-01-06 09:37:56 - SQLiteDataset.__init__ - Removing the following (missing) truth variables: interaction_time[0m
[1;34mgraphnet[0m [MainProcess] [33mWARNING [0m 2025-01-06 09:37:57 - SQLiteDataset.__init__ - Removing the following (missing) truth variables: interaction_time[0m
[1;34mgraphnet[0m [MainProcess] [33mWARNING [0m 2025-01-06 09:37:57 - SQLiteDataset.__init__ - Removing the following (missing) truth variables: interaction_time[0m
[1;34mgraphnet[0m [MainProcess] [33mWARNING [0m 2025-01-06 09:37:57 - SQLiteDataset.__init__ - Removing the following (missing) truth variables: interaction_time[0m
[1;34mgraphnet[0m [MainProcess] [33mWARNING [0m 2025-01-06 09:37:58 - SQLiteDataset.__init__ - Removing the following (missing) truth variables: interaction_time[0m
[1;34mgraphnet[0m [MainProcess] [33mWARNING [0m 2025-01-06 09:37:58 - SQLiteDataset.__init__ - Removing the following (missing) truth variables: interaction_time[0m
[1;34mgraphnet[0m [MainProcess] [33mWARNING [0m 2025-01-06 09:37:58 - __init__ - Setting one of `transform_target` and `transform_inference`, but not the other.[0m
