[1;34mgraphnet[0m [MainProcess] [32mINFO    [0m 2025-02-26 16:21:15 - Logger.__init__ - Writing log to [1mlogs/graphnet_20250226-162115.log[0m
[1;34mgraphnet[0m [MainProcess] [32mINFO    [0m 2025-02-26 16:21:15 - <module> - features: ['dom_x', 'dom_y', 'dom_z', 'dom_time', 'charge', 'rde', 'pmt_area'][0m
[1;34mgraphnet[0m [MainProcess] [32mINFO    [0m 2025-02-26 16:21:15 - <module> - truth: ['energy', 'energy_track', 'energy_cascade', 'position_x', 'position_y', 'position_z', 'azimuth', 'zenith', 'pid', 'elasticity', 'interaction_type', 'inelasticity', 'stopped_muon', 'dbang_decay_length', 'event_weight'][0m
[1;34mgraphnet[0m [MainProcess] [33mWARNING [0m 2025-02-26 16:21:18 - __init__ - GraphNeTDataModule did not receive an argument for `test_selection` and will therefore not have a prediction dataloader available.[0m
[1;34mgraphnet[0m [MainProcess] [32mINFO    [0m 2025-02-26 16:21:18 - __init__ - GraphNeTDataModule did not receive an for `selection`. Selection will will automatically be created with a split of train: 0.9 and validation: 0.1[0m
[1;34mgraphnet[0m [MainProcess] [32mINFO    [0m 2025-02-26 16:21:20 - StandardModel.main - EarlyStopping has been added with a patience of 2.[0m
[1;34mgraphnet[0m [MainProcess] [32mINFO    [0m 2025-02-26 16:21:20 - StandardModel.main - Training initiated with callbacks: ProgressBar, EarlyStopping, ModelCheckpoint[0m
GPU available: True (cuda), used: True
TPU available: False, using: 0 TPU cores
IPU available: False, using: 0 IPUs
HPU available: False, using: 0 HPUs
You are using a CUDA device ('NVIDIA A100-SXM4-80GB') that has Tensor Cores. To properly utilize them, you should set `torch.set_float32_matmul_precision('medium' | 'high')` which will trade-off precision for performance. For more details, read https://pytorch.org/docs/stable/generated/torch.set_float32_matmul_precision.html#torch.set_float32_matmul_precision
----------------------------------------------------------------------------------------------------
distributed_backend=nccl
All distributed processes registered. Starting with 1 processes
----------------------------------------------------------------------------------------------------

LOCAL_RANK: 0 - CUDA_VISIBLE_DEVICES: [0]

  | Name              | Type       | Params
-------------------------------------------------
0 | _tasks            | ModuleList | 129   
1 | _graph_definition | KNNGraph   | 0     
2 | backbone          | DynEdge    | 1.4 M 
-------------------------------------------------
1.4 M     Trainable params
0         Non-trainable params
1.4 M     Total params
5.529     Total estimated model params size (MB)
[1;34mgraphnet[0m [MainProcess] [32mINFO    [0m 2025-02-26 16:25:22 - on_advance_end - Epoch  0: 100%|[32m███████████████████[0m| 2239/2239 [03:50<00:00,  9.71 batch(es)/s, lr=0.00098, val_loss=427.0, train_loss=429.0][0m
[1;34mgraphnet[0m [MainProcess] [32mINFO    [0m 2025-02-26 16:29:13 - on_advance_end - Epoch  1: 100%|[32m██████████████████[0m| 2239/2239 [03:50<00:00,  9.71 batch(es)/s, lr=0.000939, val_loss=426.0, train_loss=426.0][0m
[1;34mgraphnet[0m [MainProcess] [32mINFO    [0m 2025-02-26 16:33:03 - on_advance_end - Epoch  2: 100%|[32m██████████████████[0m| 2239/2239 [03:50<00:00,  9.72 batch(es)/s, lr=0.000899, val_loss=425.0, train_loss=425.0][0m
[1;34mgraphnet[0m [MainProcess] [32mINFO    [0m 2025-02-26 16:36:54 - on_advance_end - Epoch  3: 100%|[32m██████████████████[0m| 2239/2239 [03:50<00:00,  9.71 batch(es)/s, lr=0.000859, val_loss=424.0, train_loss=425.0][0m
[1;34mgraphnet[0m [MainProcess] [32mINFO    [0m 2025-02-26 16:40:45 - on_advance_end - Epoch  4: 100%|[32m██████████████████[0m| 2239/2239 [03:51<00:00,  9.67 batch(es)/s, lr=0.000818, val_loss=424.0, train_loss=425.0][0m
[1;34mgraphnet[0m [MainProcess] [32mINFO    [0m 2025-02-26 16:44:36 - on_advance_end - Epoch  5: 100%|[32m██████████████████[0m| 2239/2239 [03:50<00:00,  9.71 batch(es)/s, lr=0.000778, val_loss=424.0, train_loss=425.0][0m
[1;34mgraphnet[0m [MainProcess] [32mINFO    [0m 2025-02-26 16:48:27 - on_advance_end - Epoch  6: 100%|[32m██████████████████[0m| 2239/2239 [03:51<00:00,  9.68 batch(es)/s, lr=0.000737, val_loss=424.0, train_loss=424.0][0m
[1;34mgraphnet[0m [MainProcess] [32mINFO    [0m 2025-02-26 16:52:18 - on_advance_end - Epoch  7: 100%|[32m██████████████████[0m| 2239/2239 [03:50<00:00,  9.72 batch(es)/s, lr=0.000697, val_loss=424.0, train_loss=424.0][0m
[1;34mgraphnet[0m [MainProcess] [32mINFO    [0m 2025-02-26 16:56:09 - on_advance_end - Epoch  8: 100%|[32m██████████████████[0m| 2239/2239 [03:51<00:00,  9.67 batch(es)/s, lr=0.000657, val_loss=423.0, train_loss=424.0][0m
[1;34mgraphnet[0m [MainProcess] [32mINFO    [0m 2025-02-26 17:00:00 - on_advance_end - Epoch  9: 100%|[32m██████████████████[0m| 2239/2239 [03:50<00:00,  9.71 batch(es)/s, lr=0.000616, val_loss=423.0, train_loss=424.0][0m
[1;34mgraphnet[0m [MainProcess] [32mINFO    [0m 2025-02-26 17:03:51 - on_advance_end - Epoch 10: 100%|[32m██████████████████[0m| 2239/2239 [03:51<00:00,  9.68 batch(es)/s, lr=0.000576, val_loss=423.0, train_loss=424.0][0m
[1;34mgraphnet[0m [MainProcess] [32mINFO    [0m 2025-02-26 17:07:42 - on_advance_end - Epoch 11: 100%|[32m██████████████████[0m| 2239/2239 [03:51<00:00,  9.68 batch(es)/s, lr=0.000535, val_loss=423.0, train_loss=423.0][0m
[1;34mgraphnet[0m [MainProcess] [32mINFO    [0m 2025-02-26 17:11:33 - on_advance_end - Epoch 12: 100%|[32m██████████████████[0m| 2239/2239 [03:50<00:00,  9.70 batch(es)/s, lr=0.000495, val_loss=423.0, train_loss=423.0][0m
[1;34mgraphnet[0m [MainProcess] [32mINFO    [0m 2025-02-26 17:15:24 - on_advance_end - Epoch 13: 100%|[32m██████████████████[0m| 2239/2239 [03:50<00:00,  9.71 batch(es)/s, lr=0.000455, val_loss=423.0, train_loss=423.0][0m
[1;34mgraphnet[0m [MainProcess] [32mINFO    [0m 2025-02-26 17:19:16 - on_advance_end - Epoch 14: 100%|[32m██████████████████[0m| 2239/2239 [03:51<00:00,  9.66 batch(es)/s, lr=0.000414, val_loss=423.0, train_loss=423.0][0m
[1;34mgraphnet[0m [MainProcess] [32mINFO    [0m 2025-02-26 17:23:06 - on_advance_end - Epoch 15: 100%|[32m██████████████████[0m| 2239/2239 [03:50<00:00,  9.70 batch(es)/s, lr=0.000374, val_loss=423.0, train_loss=423.0][0m
[1;34mgraphnet[0m [MainProcess] [32mINFO    [0m 2025-02-26 17:23:08 - StandardModel.<module> - Best-fit weights from EarlyStopping loaded.[0m
[1;34mgraphnet[0m [MainProcess] [32mINFO    [0m 2025-02-26 17:23:08 - StandardModel.<module> - Column names for predictions are: 
 ['dbang_decay_length_pred'][0m
GPU available: True (cuda), used: True
TPU available: False, using: 0 TPU cores
IPU available: False, using: 0 IPUs
HPU available: False, using: 0 HPUs
LOCAL_RANK: 0 - CUDA_VISIBLE_DEVICES: [0]
[1;34mgraphnet[0m [MainProcess] [32mINFO    [0m 2025-02-26 17:26:37 - <module> - Writing results to /n/holylfs05/LABS/arguelles_delgado_lab/Everyone/jbook/double_cascade_identification/training_output/multiple_epochs/all_files_corrected_Feb26/dynedge_dbang_decay_length[0m
[1;34mgraphnet[0m [MainProcess] [32mINFO    [0m 2025-02-26 17:26:38 - StandardModel.<module> - Model saved to /n/holylfs05/LABS/arguelles_delgado_lab/Everyone/jbook/double_cascade_identification/training_output/multiple_epochs/all_files_corrected_Feb26/dynedge_dbang_decay_length/model.pth[0m
[1;34mgraphnet[0m [MainProcess] [32mINFO    [0m 2025-02-26 17:26:38 - StandardModel.<module> - Model state_dict saved to /n/holylfs05/LABS/arguelles_delgado_lab/Everyone/jbook/double_cascade_identification/training_output/multiple_epochs/all_files_corrected_Feb26/dynedge_dbang_decay_length/reco_state_dict.pth[0m
