[1;34mgraphnet[0m [MainProcess] [32mINFO    [0m 2024-12-29 11:57:18 - Logger.__init__ - Writing log to [1mlogs/graphnet_20241229-115718.log[0m
[1;34mgraphnet[0m [MainProcess] [33mWARNING [0m 2024-12-29 11:57:30 - __init__ - Setting one of `transform_target` and `transform_inference`, but not the other.[0m
[1;34mgraphnet[0m [MainProcess] [32mINFO    [0m 2024-12-29 11:57:30 - <module> - model targets from config: ['pid'][0m
[1;34mgraphnet[0m [MainProcess] [32mINFO    [0m 2024-12-29 11:57:30 - <module> - torch.cuda.is_available? False[0m
[1;34mgraphnet[0m [MainProcess] [32mINFO    [0m 2024-12-29 11:57:30 - StringSelectionResolver.__init__ - Resolving selection: 60 random events ~ event_no % 5 == 0 & (dummy_pid == 1 | dummy_pid == -1)[0m
[1;34mgraphnet[0m [MainProcess] [32mINFO    [0m 2024-12-29 11:57:31 - StringSelectionResolver.__init__ - Resolving selection: 60 random events ~ event_no % 5 == 0 & (dummy_pid == 12 | dummy_pid == -12)[0m
[1;34mgraphnet[0m [MainProcess] [32mINFO    [0m 2024-12-29 11:57:31 - StringSelectionResolver.__init__ - Resolving selection: 60 random events ~ event_no % 5 == 0 & (dummy_pid == 14| dummy_pid == -14)[0m
[1;34mgraphnet[0m [MainProcess] [32mINFO    [0m 2024-12-29 11:57:31 - StringSelectionResolver.__init__ - Resolving selection: 60 random events ~ event_no % 5 == 0 & (dummy_pid == 16 | dummy_pid == -16)[0m
[1;34mgraphnet[0m [MainProcess] [32mINFO    [0m 2024-12-29 11:57:32 - StringSelectionResolver.__init__ - Resolving selection: 60 random events ~ event_no % 5 == 0 & (dummy_pid == 13 | dummy_pid == -13)[0m
[1;34mgraphnet[0m [MainProcess] [32mINFO    [0m 2024-12-29 11:57:32 - StringSelectionResolver.__init__ - Resolving selection: 60 random events ~ event_no % 5 == 1 & (dummy_pid == 1 | dummy_pid == -1)[0m
[1;34mgraphnet[0m [MainProcess] [32mINFO    [0m 2024-12-29 11:57:33 - StringSelectionResolver.__init__ - Resolving selection: 60 random events ~ event_no % 5 == 1 & (dummy_pid == 12 | dummy_pid == -12)[0m
[1;34mgraphnet[0m [MainProcess] [32mINFO    [0m 2024-12-29 11:57:33 - StringSelectionResolver.__init__ - Resolving selection: 60 random events ~ event_no % 5 == 1 & (dummy_pid == 14 | dummy_pid == -14)[0m
[1;34mgraphnet[0m [MainProcess] [32mINFO    [0m 2024-12-29 11:57:33 - StringSelectionResolver.__init__ - Resolving selection: 60 random events ~ event_no % 5 == 1 & (dummy_pid == 16 | dummy_pid == -16)[0m
[1;34mgraphnet[0m [MainProcess] [32mINFO    [0m 2024-12-29 11:57:34 - StringSelectionResolver.__init__ - Resolving selection: 60 random events ~ event_no % 5 == 1 & (dummy_pid == 13 | dummy_pid == -13)[0m
[1;34mgraphnet[0m [MainProcess] [32mINFO    [0m 2024-12-29 11:57:34 - StringSelectionResolver.__init__ - Resolving selection: 60 random events ~ event_no % 5 > 1 & (dummy_pid == 1 | dummy_pid == -1)[0m
[1;34mgraphnet[0m [MainProcess] [32mINFO    [0m 2024-12-29 11:57:35 - StringSelectionResolver.__init__ - Resolving selection: 60 random events ~ event_no % 5 > 1 & (dummy_pid == 12 | dummy_pid == -12)[0m
[1;34mgraphnet[0m [MainProcess] [32mINFO    [0m 2024-12-29 11:57:35 - StringSelectionResolver.__init__ - Resolving selection: 60 random events ~ event_no % 5 > 1 & (dummy_pid == 14 | dummy_pid == -14)[0m
[1;34mgraphnet[0m [MainProcess] [32mINFO    [0m 2024-12-29 11:57:35 - StringSelectionResolver.__init__ - Resolving selection: 60 random events ~ event_no % 5 > 1 & (dummy_pid == 16 | dummy_pid == -16)[0m
[1;34mgraphnet[0m [MainProcess] [32mINFO    [0m 2024-12-29 11:57:36 - StringSelectionResolver.__init__ - Resolving selection: 60 random events ~ event_no % 5 > 1 & (dummy_pid == 13 | dummy_pid == -13)[0m
[1;34mgraphnet[0m [MainProcess] [32mINFO    [0m 2024-12-29 11:57:48 - StandardModel.main - EarlyStopping has been added with a patience of 5.[0m
[1;34mgraphnet[0m [MainProcess] [32mINFO    [0m 2024-12-29 11:57:48 - StandardModel.main - Training initiated with callbacks: ProgressBar, EarlyStopping, ModelCheckpoint[0m
GPU available: False, used: False
TPU available: False, using: 0 TPU cores
IPU available: False, using: 0 IPUs
HPU available: False, using: 0 HPUs
----------------------------------------------------------------------------------------------------
distributed_backend=gloo
All distributed processes registered. Starting with 1 processes
----------------------------------------------------------------------------------------------------


  | Name              | Type       | Params
-------------------------------------------------
0 | _tasks            | ModuleList | 387   
1 | _graph_definition | KNNGraph   | 0     
2 | backbone          | DynEdge    | 1.4 M 
-------------------------------------------------
1.4 M     Trainable params
0         Non-trainable params
1.4 M     Total params
5.516     Total estimated model params size (MB)
