[1;34mgraphnet[0m [MainProcess] [32mINFO    [0m 2024-12-25 15:45:06 - Logger.__init__ - Writing log to [1mlogs/graphnet_20241225-154506.log[0m
[1;34mgraphnet[0m [MainProcess] [33mWARNING [0m 2024-12-25 15:45:08 - __init__ - Setting one of `transform_target` and `transform_inference`, but not the other.[0m
[1;34mgraphnet[0m [MainProcess] [32mINFO    [0m 2024-12-25 15:45:08 - StringSelectionResolver.__init__ - Resolving selection: 60 random events ~ event_no % 5 == 0 & (dummy_pid == 1 | dummy_pid == -1)[0m
[1;34mgraphnet[0m [MainProcess] [32mINFO    [0m 2024-12-25 15:45:08 - StringSelectionResolver.__init__ - Resolving selection: 60 random events ~ event_no % 5 == 0 & (dummy_pid == 12 | dummy_pid == -12)[0m
[1;34mgraphnet[0m [MainProcess] [32mINFO    [0m 2024-12-25 15:45:08 - StringSelectionResolver.__init__ - Resolving selection: 60 random events ~ event_no % 5 == 0 & (dummy_pid == 14| dummy_pid == -14)[0m
[1;34mgraphnet[0m [MainProcess] [32mINFO    [0m 2024-12-25 15:45:09 - StringSelectionResolver.__init__ - Resolving selection: 60 random events ~ event_no % 5 == 0 & (dummy_pid == 16 | dummy_pid == -16)[0m
[1;34mgraphnet[0m [MainProcess] [32mINFO    [0m 2024-12-25 15:45:09 - StringSelectionResolver.__init__ - Resolving selection: 60 random events ~ event_no % 5 == 0 & (dummy_pid == 13 | dummy_pid == -13)[0m
[1;34mgraphnet[0m [MainProcess] [32mINFO    [0m 2024-12-25 15:45:09 - StringSelectionResolver.__init__ - Resolving selection: 60 random events ~ event_no % 5 == 1 & (dummy_pid == 1 | dummy_pid == -1)[0m
[1;34mgraphnet[0m [MainProcess] [32mINFO    [0m 2024-12-25 15:45:09 - StringSelectionResolver.__init__ - Resolving selection: 60 random events ~ event_no % 5 == 1 & (dummy_pid == 12 | dummy_pid == -12)[0m
[1;34mgraphnet[0m [MainProcess] [32mINFO    [0m 2024-12-25 15:45:09 - StringSelectionResolver.__init__ - Resolving selection: 60 random events ~ event_no % 5 == 1 & (dummy_pid == 14 | dummy_pid == -14)[0m
[1;34mgraphnet[0m [MainProcess] [32mINFO    [0m 2024-12-25 15:45:09 - StringSelectionResolver.__init__ - Resolving selection: 60 random events ~ event_no % 5 == 1 & (dummy_pid == 16 | dummy_pid == -16)[0m
[1;34mgraphnet[0m [MainProcess] [32mINFO    [0m 2024-12-25 15:45:09 - StringSelectionResolver.__init__ - Resolving selection: 60 random events ~ event_no % 5 == 1 & (dummy_pid == 13 | dummy_pid == -13)[0m
[1;34mgraphnet[0m [MainProcess] [32mINFO    [0m 2024-12-25 15:45:09 - StringSelectionResolver.__init__ - Resolving selection: 60 random events ~ event_no % 5 > 1 & (dummy_pid == 1 | dummy_pid == -1)[0m
[1;34mgraphnet[0m [MainProcess] [32mINFO    [0m 2024-12-25 15:45:09 - StringSelectionResolver.__init__ - Resolving selection: 60 random events ~ event_no % 5 > 1 & (dummy_pid == 12 | dummy_pid == -12)[0m
[1;34mgraphnet[0m [MainProcess] [32mINFO    [0m 2024-12-25 15:45:09 - StringSelectionResolver.__init__ - Resolving selection: 60 random events ~ event_no % 5 > 1 & (dummy_pid == 14 | dummy_pid == -14)[0m
[1;34mgraphnet[0m [MainProcess] [32mINFO    [0m 2024-12-25 15:45:10 - StringSelectionResolver.__init__ - Resolving selection: 60 random events ~ event_no % 5 > 1 & (dummy_pid == 16 | dummy_pid == -16)[0m
[1;34mgraphnet[0m [MainProcess] [32mINFO    [0m 2024-12-25 15:45:10 - StringSelectionResolver.__init__ - Resolving selection: 60 random events ~ event_no % 5 > 1 & (dummy_pid == 13 | dummy_pid == -13)[0m
[1;34mgraphnet[0m [MainProcess] [32mINFO    [0m 2024-12-25 15:45:17 - StandardModel.main - EarlyStopping has been added with a patience of 5.[0m
[1;34mgraphnet[0m [MainProcess] [32mINFO    [0m 2024-12-25 15:45:17 - StandardModel.main - Training initiated with callbacks: ProgressBar, EarlyStopping, ModelCheckpoint[0m
GPU available: False, used: False
TPU available: False, using: 0 TPU cores
IPU available: False, using: 0 IPUs
HPU available: False, using: 0 HPUs
----------------------------------------------------------------------------------------------------
distributed_backend=gloo
All distributed processes registered. Starting with 1 processes
----------------------------------------------------------------------------------------------------


  | Name              | Type       | Params
-------------------------------------------------
0 | _tasks            | ModuleList | 387   
1 | _graph_definition | KNNGraph   | 0     
2 | backbone          | DynEdge    | 1.4 M 
-------------------------------------------------
1.4 M     Trainable params
0         Non-trainable params
1.4 M     Total params
5.516     Total estimated model params size (MB)
[1;34mgraphnet[0m [MainProcess] [32mINFO    [0m 2024-12-25 15:45:23 - on_advance_end - Epoch  0: 100%|[32m█████████████████████████████████████████████████[0m| 2/2 [00:01<00:00,  1.64 batch(es)/s, lr=5.95e-5, val_loss=0.984, train_loss=2.050][0m
`Trainer.fit` stopped: `max_epochs=1` reached.
[1;34mgraphnet[0m [MainProcess] [32mINFO    [0m 2024-12-25 15:45:23 - StandardModel.<module> - Best-fit weights from EarlyStopping loaded.[0m
[1;34mgraphnet[0m [MainProcess] [32mINFO    [0m 2024-12-25 15:45:23 - <module> - Writing results to /n/holylfs05/LABS/arguelles_delgado_lab/Everyone/jbook/double_cascade_identification/training_output/train_model/prometheus-events/dynedge_dummy_pid_example[0m
[1;34mgraphnet[0m [MainProcess] [32mINFO    [0m 2024-12-25 15:45:23 - StandardModel.<module> - Model state_dict saved to /n/holylfs05/LABS/arguelles_delgado_lab/Everyone/jbook/double_cascade_identification/training_output/train_model/prometheus-events/dynedge_dummy_pid_example/state_dict.pth[0m
[1;34mgraphnet[0m [MainProcess] [32mINFO    [0m 2024-12-25 15:45:23 - StandardModel.<module> - Model saved to /n/holylfs05/LABS/arguelles_delgado_lab/Everyone/jbook/double_cascade_identification/training_output/train_model/prometheus-events/dynedge_dummy_pid_example/model.pth[0m
[1;34mgraphnet[0m [MainProcess] [32mINFO    [0m 2024-12-25 15:45:23 - <module> - config.target: ['dummy_pid'][0m
[1;34mgraphnet[0m [MainProcess] [32mINFO    [0m 2024-12-25 15:45:23 - <module> - prediction_columns: ['noise', 'muon', 'neutrino'][0m
[1;34mgraphnet[0m [MainProcess] [32mINFO    [0m 2024-12-25 15:45:23 - StandardModel.<module> - Column names for predictions are: 
 ['noise', 'muon', 'neutrino'][0m
GPU available: False, used: False
TPU available: False, using: 0 TPU cores
IPU available: False, using: 0 IPUs
HPU available: False, using: 0 HPUs
