[1;34mgraphnet[0m [MainProcess] [32mINFO    [0m 2024-12-29 11:55:09 - Logger.__init__ - Writing log to [1mlogs/graphnet_20241229-115509.log[0m
[1;34mgraphnet[0m [MainProcess] [33mWARNING [0m 2024-12-29 11:55:18 - __init__ - Setting one of `transform_target` and `transform_inference`, but not the other.[0m
[1;34mgraphnet[0m [MainProcess] [32mINFO    [0m 2024-12-29 11:55:18 - <module> - model targets from config: ['dummy_pid'][0m
[1;34mgraphnet[0m [MainProcess] [32mINFO    [0m 2024-12-29 11:55:18 - <module> - torch.cuda.is_available? False[0m
[1;34mgraphnet[0m [MainProcess] [32mINFO    [0m 2024-12-29 11:55:18 - StringSelectionResolver.__init__ - Resolving selection: event_no % 5 == 0 & (pid == 1 | pid == -1)[0m
[1;34mgraphnet[0m [MainProcess] [33mWARNING [0m 2024-12-29 11:55:18 - SQLiteDataset.__init__ - Dataset is empty.[0m
[1;34mgraphnet[0m [MainProcess] [32mINFO    [0m 2024-12-29 11:55:18 - StringSelectionResolver.__init__ - Resolving selection: event_no % 5 == 0 & (pid == 12 | pid == -12)[0m
[1;34mgraphnet[0m [MainProcess] [32mINFO    [0m 2024-12-29 11:55:18 - StringSelectionResolver.__init__ - Resolving selection: event_no % 5 == 0 & (pid == 14| pid == -14)[0m
[1;34mgraphnet[0m [MainProcess] [32mINFO    [0m 2024-12-29 11:55:19 - StringSelectionResolver.__init__ - Resolving selection: event_no % 5 == 0 & (pid == 16 | pid == -16)[0m
[1;34mgraphnet[0m [MainProcess] [32mINFO    [0m 2024-12-29 11:55:19 - StringSelectionResolver.__init__ - Resolving selection: event_no % 5 == 0 & (pid == 13 | pid == -13)[0m
[1;34mgraphnet[0m [MainProcess] [33mWARNING [0m 2024-12-29 11:55:19 - SQLiteDataset.__init__ - Dataset is empty.[0m
[1;34mgraphnet[0m [MainProcess] [32mINFO    [0m 2024-12-29 11:55:19 - StringSelectionResolver.__init__ - Resolving selection: event_no % 5 == 1 & (pid == 1 | pid == -1)[0m
[1;34mgraphnet[0m [MainProcess] [33mWARNING [0m 2024-12-29 11:55:19 - SQLiteDataset.__init__ - Dataset is empty.[0m
[1;34mgraphnet[0m [MainProcess] [32mINFO    [0m 2024-12-29 11:55:19 - StringSelectionResolver.__init__ - Resolving selection: event_no % 5 == 1 & (pid == 12 | pid == -12)[0m
[1;34mgraphnet[0m [MainProcess] [32mINFO    [0m 2024-12-29 11:55:20 - StringSelectionResolver.__init__ - Resolving selection: event_no % 5 == 1 & (pid == 14 | pid == -14)[0m
[1;34mgraphnet[0m [MainProcess] [32mINFO    [0m 2024-12-29 11:55:20 - StringSelectionResolver.__init__ - Resolving selection: event_no % 5 == 1 & (pid == 16 | pid == -16)[0m
[1;34mgraphnet[0m [MainProcess] [32mINFO    [0m 2024-12-29 11:55:21 - StringSelectionResolver.__init__ - Resolving selection: event_no % 5 == 1 & (pid == 13 | pid == -13)[0m
[1;34mgraphnet[0m [MainProcess] [33mWARNING [0m 2024-12-29 11:55:21 - SQLiteDataset.__init__ - Dataset is empty.[0m
[1;34mgraphnet[0m [MainProcess] [32mINFO    [0m 2024-12-29 11:55:21 - StringSelectionResolver.__init__ - Resolving selection: event_no % 5 > 1 & (pid == 1 | pid == -1)[0m
[1;34mgraphnet[0m [MainProcess] [33mWARNING [0m 2024-12-29 11:55:21 - SQLiteDataset.__init__ - Dataset is empty.[0m
[1;34mgraphnet[0m [MainProcess] [32mINFO    [0m 2024-12-29 11:55:21 - StringSelectionResolver.__init__ - Resolving selection: event_no % 5 > 1 & (pid == 12 | pid == -12)[0m
[1;34mgraphnet[0m [MainProcess] [32mINFO    [0m 2024-12-29 11:55:21 - StringSelectionResolver.__init__ - Resolving selection: event_no % 5 > 1 & (pid == 14 | pid == -14)[0m
[1;34mgraphnet[0m [MainProcess] [32mINFO    [0m 2024-12-29 11:55:22 - StringSelectionResolver.__init__ - Resolving selection: event_no % 5 > 1 & (pid == 16 | pid == -16)[0m
[1;34mgraphnet[0m [MainProcess] [32mINFO    [0m 2024-12-29 11:55:22 - StringSelectionResolver.__init__ - Resolving selection: event_no % 5 > 1 & (pid == 13 | pid == -13)[0m
[1;34mgraphnet[0m [MainProcess] [33mWARNING [0m 2024-12-29 11:55:22 - SQLiteDataset.__init__ - Dataset is empty.[0m
