[1;34mgraphnet[0m [MainProcess] [32mINFO    [0m 2025-02-26 15:54:28 - Logger.__init__ - Writing log to [1mlogs/graphnet_20250226-155428.log[0m
[1;34mgraphnet[0m [MainProcess] [32mINFO    [0m 2025-02-26 15:54:28 - <module> - features: ['dom_x', 'dom_y', 'dom_z', 'dom_time', 'charge', 'rde', 'pmt_area'][0m
[1;34mgraphnet[0m [MainProcess] [32mINFO    [0m 2025-02-26 15:54:28 - <module> - truth: ['energy', 'energy_track', 'energy_cascade', 'position_x', 'position_y', 'position_z', 'azimuth', 'zenith', 'pid', 'elasticity', 'interaction_type', 'inelasticity', 'stopped_muon', 'dbang_decay_length', 'event_weight'][0m
[1;34mgraphnet[0m [MainProcess] [33mWARNING [0m 2025-02-26 15:54:39 - __init__ - GraphNeTDataModule did not receive an argument for `test_selection` and will therefore not have a prediction dataloader available.[0m
[1;34mgraphnet[0m [MainProcess] [32mINFO    [0m 2025-02-26 15:54:39 - __init__ - GraphNeTDataModule did not receive an for `selection`. Selection will will automatically be created with a split of train: 0.9 and validation: 0.1[0m
[1;34mgraphnet[0m [MainProcess] [32mINFO    [0m 2025-02-26 15:54:44 - StandardModel.main - EarlyStopping has been added with a patience of 2.[0m
[1;34mgraphnet[0m [MainProcess] [32mINFO    [0m 2025-02-26 15:54:44 - StandardModel.main - Training initiated with callbacks: ProgressBar, EarlyStopping, ModelCheckpoint[0m
GPU available: True (cuda), used: True
TPU available: False, using: 0 TPU cores
IPU available: False, using: 0 IPUs
HPU available: False, using: 0 HPUs
You are using a CUDA device ('NVIDIA A100-SXM4-80GB') that has Tensor Cores. To properly utilize them, you should set `torch.set_float32_matmul_precision('medium' | 'high')` which will trade-off precision for performance. For more details, read https://pytorch.org/docs/stable/generated/torch.set_float32_matmul_precision.html#torch.set_float32_matmul_precision
----------------------------------------------------------------------------------------------------
distributed_backend=nccl
All distributed processes registered. Starting with 1 processes
----------------------------------------------------------------------------------------------------

LOCAL_RANK: 0 - CUDA_VISIBLE_DEVICES: [0]

  | Name              | Type       | Params
-------------------------------------------------
0 | _tasks            | ModuleList | 129   
1 | _graph_definition | KNNGraph   | 0     
2 | backbone          | DynEdge    | 1.4 M 
-------------------------------------------------
1.4 M     Trainable params
0         Non-trainable params
1.4 M     Total params
5.529     Total estimated model params size (MB)
[1;34mgraphnet[0m [MainProcess] [32mINFO    [0m 2025-02-26 15:58:04 - on_advance_end - Epoch  0: 100%|[32m█[0m| 2239/2239 [03:02<00:00, 12.25 batch(es)/s, lr=0.00098, val_loss=[0m
[1;34mgraphnet[0m [MainProcess] [32mINFO    [0m 2025-02-26 16:00:27 - on_advance_end - Epoch  1: 100%|[32m███████████████████[0m| 2239/2239 [02:21<00:00, 15.79 batch(es)/s, lr=0.000939, val_loss=426.0, train_loss=428.0][0m
[1;34mgraphnet[0m [MainProcess] [32mINFO    [0m 2025-02-26 16:02:44 - on_advance_end - Epoch  2: 100%|[32m███████████████████[0m| 2239/2239 [02:17<00:00, 16.29 batch(es)/s, lr=0.000899, val_loss=426.0, train_loss=427.0][0m
[1;34mgraphnet[0m [MainProcess] [32mINFO    [0m 2025-02-26 16:05:01 - on_advance_end - Epoch  3: 100%|[32m███████████████████[0m| 2239/2239 [02:16<00:00, 16.39 batch(es)/s, lr=0.000859, val_loss=425.0, train_loss=426.0][0m
[1;34mgraphnet[0m [MainProcess] [32mINFO    [0m 2025-02-26 16:07:18 - on_advance_end - Epoch  4: 100%|[32m███████████████████[0m| 2239/2239 [02:16<00:00, 16.35 batch(es)/s, lr=0.000818, val_loss=426.0, train_loss=425.0][0m
[1;34mgraphnet[0m [MainProcess] [32mINFO    [0m 2025-02-26 16:09:34 - on_advance_end - Epoch  5: 100%|[32m███████████████████[0m| 2239/2239 [02:16<00:00, 16.39 batch(es)/s, lr=0.000778, val_loss=424.0, train_loss=425.0][0m
[1;34mgraphnet[0m [MainProcess] [32mINFO    [0m 2025-02-26 16:11:58 - on_advance_end - Epoch  6: 100%|[32m███████████████████[0m| 2239/2239 [02:23<00:00, 15.63 batch(es)/s, lr=0.000737, val_loss=424.0, train_loss=424.0][0m
[rank: 0] Received SIGTERM: 15
