[1;34mgraphnet[0m [MainProcess] [32mINFO    [0m 2025-02-12 13:59:56 - Logger.__init__ - Writing log to [1mlogs/graphnet_20250212-135956.log[0m
[1;34mgraphnet[0m [MainProcess] [32mINFO    [0m 2025-02-12 13:59:56 - <module> - features: ['dom_x', 'dom_y', 'dom_z', 'dom_time', 'charge', 'rde', 'pmt_area'][0m
[1;34mgraphnet[0m [MainProcess] [32mINFO    [0m 2025-02-12 13:59:56 - <module> - truth: ['energy', 'energy_track', 'energy_cascade', 'position_x', 'position_y', 'position_z', 'azimuth', 'zenith', 'pid', 'elasticity', 'interaction_type', 'inelasticity', 'stopped_muon'][0m
[1;34mgraphnet[0m [MainProcess] [33mWARNING [0m 2025-02-12 14:00:02 - __init__ - GraphNeTDataModule did not receive an argument for `test_selection` and will therefore not have a prediction dataloader available.[0m
[1;34mgraphnet[0m [MainProcess] [32mINFO    [0m 2025-02-12 14:00:02 - __init__ - GraphNeTDataModule did not receive an for `selection`. Selection will will automatically be created with a split of train: 0.9 and validation: 0.1[0m
[1;34mgraphnet[0m [MainProcess] [33mWARNING [0m 2025-02-12 14:00:04 - __init__ - Setting one of `transform_target` and `transform_inference`, but not the other.[0m
[1;34mgraphnet[0m [MainProcess] [32mINFO    [0m 2025-02-12 14:00:04 - StandardModel.main - EarlyStopping has been added with a patience of 2.[0m
[1;34mgraphnet[0m [MainProcess] [32mINFO    [0m 2025-02-12 14:00:04 - StandardModel.main - Training initiated with callbacks: ProgressBar, EarlyStopping, ModelCheckpoint[0m
GPU available: True (cuda), used: True
TPU available: False, using: 0 TPU cores
IPU available: False, using: 0 IPUs
HPU available: False, using: 0 HPUs
You are using a CUDA device ('NVIDIA A100-SXM4-80GB') that has Tensor Cores. To properly utilize them, you should set `torch.set_float32_matmul_precision('medium' | 'high')` which will trade-off precision for performance. For more details, read https://pytorch.org/docs/stable/generated/torch.set_float32_matmul_precision.html#torch.set_float32_matmul_precision
----------------------------------------------------------------------------------------------------
distributed_backend=nccl
All distributed processes registered. Starting with 1 processes
----------------------------------------------------------------------------------------------------

LOCAL_RANK: 0 - CUDA_VISIBLE_DEVICES: [0]

  | Name              | Type       | Params
-------------------------------------------------
0 | _tasks            | ModuleList | 129   
1 | _graph_definition | KNNGraph   | 0     
2 | backbone          | DynEdge    | 1.4 M 
-------------------------------------------------
1.4 M     Trainable params
0         Non-trainable params
1.4 M     Total params
5.529     Total estimated model params size (MB)
[1;34mgraphnet[0m [MainProcess] [32mINFO    [0m 2025-02-12 14:02:21 - on_advance_end - Epoch  0: 100%|[32m██████████████████████████████████████████████████████[0m| 2239/2239 [02:10<00:00, 17.13 batch(es)/s, lr=0.000948, val_loss=0.0447, train_loss=0.0622][0m
[1;34mgraphnet[0m [MainProcess] [32mINFO    [0m 2025-02-12 14:04:31 - on_advance_end - Epoch  1: 100%|[32m██████████████████████████████████████████████████████[0m| 2239/2239 [02:09<00:00, 17.31 batch(es)/s, lr=0.000844, val_loss=0.0392, train_loss=0.0413][0m
[1;34mgraphnet[0m [MainProcess] [32mINFO    [0m 2025-02-12 14:06:41 - on_advance_end - Epoch  2: 100%|[32m███████████████████████████████████████████████████████[0m| 2239/2239 [02:10<00:00, 17.20 batch(es)/s, lr=0.00074, val_loss=0.0378, train_loss=0.0392][0m
[1;34mgraphnet[0m [MainProcess] [32mINFO    [0m 2025-02-12 14:08:51 - on_advance_end - Epoch  3: 100%|[32m██████████████████████████████████████████████████████[0m| 2239/2239 [02:09<00:00, 17.26 batch(es)/s, lr=0.000635, val_loss=0.0371, train_loss=0.0383][0m
[1;34mgraphnet[0m [MainProcess] [32mINFO    [0m 2025-02-12 14:11:01 - on_advance_end - Epoch  4: 100%|[32m██████████████████████████████████████████████████████[0m| 2239/2239 [02:10<00:00, 17.20 batch(es)/s, lr=0.000531, val_loss=0.0381, train_loss=0.0377][0m
[1;34mgraphnet[0m [MainProcess] [32mINFO    [0m 2025-02-12 14:13:12 - on_advance_end - Epoch  5: 100%|[32m██████████████████████████████████████████████████████[0m| 2239/2239 [02:11<00:00, 17.09 batch(es)/s, lr=0.000427, val_loss=0.0378, train_loss=0.0372][0m
[1;34mgraphnet[0m [MainProcess] [32mINFO    [0m 2025-02-12 14:13:13 - StandardModel.<module> - Best-fit weights from EarlyStopping loaded.[0m
[1;34mgraphnet[0m [MainProcess] [32mINFO    [0m 2025-02-12 14:13:13 - StandardModel.<module> - Column names for predictions are: 
 ['energy_pred'][0m
GPU available: True (cuda), used: True
TPU available: False, using: 0 TPU cores
IPU available: False, using: 0 IPUs
HPU available: False, using: 0 HPUs
LOCAL_RANK: 0 - CUDA_VISIBLE_DEVICES: [0]
[1;34mgraphnet[0m [MainProcess] [32mINFO    [0m 2025-02-12 14:15:09 - <module> - Writing results to /n/holylfs05/LABS/arguelles_delgado_lab/Everyone/jbook/double_cascade_identification/training_output/multiple_epochs/merged_files/dynedge_energy_example[0m
[1;34mgraphnet[0m [MainProcess] [32mINFO    [0m 2025-02-12 14:15:09 - StandardModel.<module> - Model saved to /n/holylfs05/LABS/arguelles_delgado_lab/Everyone/jbook/double_cascade_identification/training_output/multiple_epochs/merged_files/dynedge_energy_example/model.pth[0m
[1;34mgraphnet[0m [MainProcess] [32mINFO    [0m 2025-02-12 14:15:09 - StandardModel.<module> - Model state_dict saved to /n/holylfs05/LABS/arguelles_delgado_lab/Everyone/jbook/double_cascade_identification/training_output/multiple_epochs/merged_files/dynedge_energy_example/energy_reco_state_dict.pth[0m
